<?xml version="1.0" encoding="UTF-8"?>
<!-- Generated by org.testng.reporters.JUnitXMLReporter -->
<testsuite hostname="DESKTOP-VVRFCCH" ignored="0" name="Test" tests="1" failures="1" timestamp="18 Nov 2020 09:13:41 GMT" time="0.122" errors="0">
  <testcase name="test" time="0.0" classname="org.unit.Execute">
    <failure type="org.testng.TestNGException" message="
Method public void org.unit.Execute.test(java.lang.String,java.lang.String,java.lang.String,java.lang.String,java.lang.String,java.lang.String,java.lang.String,java.lang.String,java.lang.String,java.lang.String,java.lang.String,java.lang.String) requires a @DataProvider named : kaveri in class java.util.Date">
      <![CDATA[org.testng.TestNGException: 
Method public void org.unit.Execute.test(java.lang.String,java.lang.String,java.lang.String,java.lang.String,java.lang.String,java.lang.String,java.lang.String,java.lang.String,java.lang.String,java.lang.String,java.lang.String,java.lang.String) requires a @DataProvider named : kaveri in class java.util.Date
... Removed 22 stack frames]]>
    </failure>
  </testcase> <!-- test -->
</testsuite> <!-- Test -->
